<?xml version="1.0" encoding="UTF-8"?>
<!-- Generated by org.testng.reporters.JUnitReportReporter -->
<testsuite hostname="LAPTOP-7DL7U0J0" failures="0" tests="1" name="UdemyWebApp.SearchMethod" time="9.399" errors="0" timestamp="29 Sep 2021 07:34:57 GMT" skipped="0">
  <testcase classname="UdemyWebApp.SearchMethod" name="searchtest" time="9.399"/>
</testsuite> <!-- UdemyWebApp.SearchMethod -->
